Expected successes: 
Date: 15 Jul 1954. 
day 1 => 15
year 1 => 1954
julian_date 1 => [
  15,
  "Jul",
  1954
]
julian shift 1 => [
  15,
  "Jul",
  1954
]
day 1 => 15
gregorian_month 1 => "Jul"
year 1 => 1954
gregorian_date 1 => [
  15,
  "Jul",
  1954
]
gregorian_date shift 1 => [
  15,
  "Jul",
  1954
]
[
  {
    day => 15,
    month => "Jul",
    type => "julian",
    year => 1954
  }
]
[
  {
    day => 15,
    month => "Jul",
    type => "gregorian",
    year => 1954
  }
]
Date: 10 JUL 2003. 
day 1 => 10
year 1 => 2003
julian_date 1 => [
  10,
  "JUL",
  2003
]
julian shift 1 => [
  10,
  "JUL",
  2003
]
day 1 => 10
gregorian_month 1 => "JUL"
year 1 => 2003
gregorian_date 1 => [
  10,
  "JUL",
  2003
]
gregorian_date shift 1 => [
  10,
  "JUL",
  2003
]
[
  {
    day => 10,
    month => "JUL",
    type => "julian",
    year => 2003
  }
]
[
  {
    day => 10,
    month => "JUL",
    type => "gregorian",
    year => 2003
  }
]
Date: JUL 2003. 
year 1 => 2003
julian_date 1 => [
  "JUL",
  2003
]
julian shift 1 => [
  1,
  "JUL",
  2003
]
gregorian_month 1 => "JUL"
year 1 => 2003
gregorian_date 1 => [
  "JUL",
  2003
]
gregorian_date shift 1 => [
  1,
  "JUL",
  2003
]
[
  {
    day => 1,
    month => "JUL",
    type => "julian",
    year => 2003
  }
]
[
  {
    day => 1,
    month => "JUL",
    type => "gregorian",
    year => 2003
  }
]
Date: 2003. 
year 1 => 2003
julian_date 1 => [
  2003
]
julian shift 1 => [
  1,
  "Jan",
  2003
]
year 1 => 2003
gregorian_date 1 => [
  2003
]
gregorian_date shift 1 => [
  1,
  "Jan",
  2003
]
[
  {
    day => 1,
    month => "Jan",
    type => "julian",
    year => 2003
  }
]
[
  {
    day => 1,
    month => "Jan",
    type => "gregorian",
    year => 2003
  }
]
Date: ABT 10 JUL 2003. 
day 1 => 10
year 1 => 2003
julian_date 1 => [
  10,
  "JUL",
  2003
]
julian shift 1 => [
  10,
  "JUL",
  2003
]
about_date 2 => [
  {
    day => 10,
    month => "JUL",
    type => "julian",
    year => 2003
  }
]
day 1 => 10
gregorian_month 1 => "JUL"
year 1 => 2003
gregorian_date 1 => [
  10,
  "JUL",
  2003
]
gregorian_date shift 1 => [
  10,
  "JUL",
  2003
]
about_date 2 => [
  {
    day => 10,
    month => "JUL",
    type => "gregorian",
    year => 2003
  }
]
[
  {
    day => 10,
    flag => "about",
    month => "JUL",
    type => "julian",
    year => 2003
  }
]
[
  {
    day => 10,
    flag => "about",
    month => "JUL",
    type => "gregorian",
    year => 2003
  }
]
Date: CAL 1922. 
year 1 => 1922
gregorian_date 1 => [
  1922
]
gregorian_date shift 1 => [
  1,
  "Jan",
  1922
]
calculated_date 1 => "CAL"
calculated_date 2 => [
  {
    day => 1,
    month => "Jan",
    type => "gregorian",
    year => 1922
  }
]
year 1 => 1922
julian_date 1 => [
  1922
]
julian shift 1 => [
  1,
  "Jan",
  1922
]
calculated_date 1 => "CAL"
calculated_date 2 => [
  {
    day => 1,
    month => "Jan",
    type => "julian",
    year => 1922
  }
]
[
  {
    day => 1,
    flag => "calculated",
    month => "Jan",
    type => "gregorian",
    year => 1922
  }
]
[
  {
    day => 1,
    flag => "calculated",
    month => "Jan",
    type => "julian",
    year => 1922
  }
]
Date: CAL 10 JUL 2003. 
day 1 => 10
year 1 => 2003
julian_date 1 => [
  10,
  "JUL",
  2003
]
julian shift 1 => [
  10,
  "JUL",
  2003
]
calculated_date 1 => "CAL"
calculated_date 2 => [
  {
    day => 10,
    month => "JUL",
    type => "julian",
    year => 2003
  }
]
day 1 => 10
gregorian_month 1 => "JUL"
year 1 => 2003
gregorian_date 1 => [
  10,
  "JUL",
  2003
]
gregorian_date shift 1 => [
  10,
  "JUL",
  2003
]
calculated_date 1 => "CAL"
calculated_date 2 => [
  {
    day => 10,
    month => "JUL",
    type => "gregorian",
    year => 2003
  }
]
[
  {
    day => 10,
    flag => "calculated",
    month => "JUL",
    type => "julian",
    year => 2003
  }
]
[
  {
    day => 10,
    flag => "calculated",
    month => "JUL",
    type => "gregorian",
    year => 2003
  }
]
Date: EST 1700. 
year 1 => 1700
gregorian_date 1 => [
  1700
]
gregorian_date shift 1 => [
  1,
  "Jan",
  1700
]
estimated_date 2 => [
  {
    day => 1,
    month => "Jan",
    type => "gregorian",
    year => 1700
  }
]
year 1 => 1700
julian_date 1 => [
  1700
]
julian shift 1 => [
  1,
  "Jan",
  1700
]
estimated_date 2 => [
  {
    day => 1,
    month => "Jan",
    type => "julian",
    year => 1700
  }
]
[
  {
    day => 1,
    flag => "estimated",
    month => "Jan",
    type => "gregorian",
    year => 1700
  }
]
[
  {
    day => 1,
    flag => "estimated",
    month => "Jan",
    type => "julian",
    year => 1700
  }
]
Date: EST 10 JUL 2003. 
day 1 => 10
year 1 => 2003
julian_date 1 => [
  10,
  "JUL",
  2003
]
julian shift 1 => [
  10,
  "JUL",
  2003
]
estimated_date 2 => [
  {
    day => 10,
    month => "JUL",
    type => "julian",
    year => 2003
  }
]
day 1 => 10
gregorian_month 1 => "JUL"
year 1 => 2003
gregorian_date 1 => [
  10,
  "JUL",
  2003
]
gregorian_date shift 1 => [
  10,
  "JUL",
  2003
]
estimated_date 2 => [
  {
    day => 10,
    month => "JUL",
    type => "gregorian",
    year => 2003
  }
]
[
  {
    day => 10,
    flag => "estimated",
    month => "JUL",
    type => "julian",
    year => 2003
  }
]
[
  {
    day => 10,
    flag => "estimated",
    month => "JUL",
    type => "gregorian",
    year => 2003
  }
]
Date: FROM 1522 TO 1534. 
year 1 => 1522
gregorian_date 1 => [
  1522
]
gregorian_date shift 1 => [
  1,
  "Jan",
  1522
]
from_date 1 => "FROM"
from_date 2 => [
  {
    day => 1,
    month => "Jan",
    type => "gregorian",
    year => 1522
  }
]
year 1 => 1534
gregorian_date 1 => [
  1534
]
gregorian_date shift 1 => [
  1,
  "Jan",
  1534
]
to_date 1 => "TO"
to_date 2 => [
  {
    day => 1,
    month => "Jan",
    type => "gregorian",
    year => 1534
  }
]
year 1 => 1522
julian_date 1 => [
  1522
]
julian shift 1 => [
  1,
  "Jan",
  1522
]
from_date 1 => "FROM"
from_date 2 => [
  {
    day => 1,
    month => "Jan",
    type => "julian",
    year => 1522
  }
]
year 1 => 1534
gregorian_date 1 => [
  1534
]
gregorian_date shift 1 => [
  1,
  "Jan",
  1534
]
to_date 1 => "TO"
to_date 2 => [
  {
    day => 1,
    month => "Jan",
    type => "gregorian",
    year => 1534
  }
]
year 1 => 1522
gregorian_date 1 => [
  1522
]
gregorian_date shift 1 => [
  1,
  "Jan",
  1522
]
from_date 1 => "FROM"
from_date 2 => [
  {
    day => 1,
    month => "Jan",
    type => "gregorian",
    year => 1522
  }
]
year 1 => 1534
julian_date 1 => [
  1534
]
julian shift 1 => [
  1,
  "Jan",
  1534
]
to_date 1 => "TO"
to_date 2 => [
  {
    day => 1,
    month => "Jan",
    type => "julian",
    year => 1534
  }
]
year 1 => 1522
julian_date 1 => [
  1522
]
julian shift 1 => [
  1,
  "Jan",
  1522
]
from_date 1 => "FROM"
from_date 2 => [
  {
    day => 1,
    month => "Jan",
    type => "julian",
    year => 1522
  }
]
year 1 => 1534
julian_date 1 => [
  1534
]
julian shift 1 => [
  1,
  "Jan",
  1534
]
to_date 1 => "TO"
to_date 2 => [
  {
    day => 1,
    month => "Jan",
    type => "julian",
    year => 1534
  }
]
[
  {
    day => 1,
    flag => "from",
    month => "Jan",
    type => "gregorian",
    year => 1522
  },
  {
    day => 1,
    flag => "to",
    month => "Jan",
    type => "gregorian",
    year => 1534
  }
]
[
  {
    day => 1,
    flag => "from",
    month => "Jan",
    type => "julian",
    year => 1522
  },
  {
    day => 1,
    flag => "to",
    month => "Jan",
    type => "gregorian",
    year => 1534
  }
]
[
  {
    day => 1,
    flag => "from",
    month => "Jan",
    type => "gregorian",
    year => 1522
  },
  {
    day => 1,
    flag => "to",
    month => "Jan",
    type => "julian",
    year => 1534
  }
]
[
  {
    day => 1,
    flag => "from",
    month => "Jan",
    type => "julian",
    year => 1522
  },
  {
    day => 1,
    flag => "to",
    month => "Jan",
    type => "julian",
    year => 1534
  }
]
Date: FROM 30 APR 1980. 
day 1 => 30
year 1 => 1980
julian_date 1 => [
  30,
  "APR",
  1980
]
julian shift 1 => [
  30,
  "APR",
  1980
]
from_date 1 => "FROM"
from_date 2 => [
  {
    day => 30,
    month => "APR",
    type => "julian",
    year => 1980
  }
]
day 1 => 30
gregorian_month 1 => "APR"
year 1 => 1980
gregorian_date 1 => [
  30,
  "APR",
  1980
]
gregorian_date shift 1 => [
  30,
  "APR",
  1980
]
from_date 1 => "FROM"
from_date 2 => [
  {
    day => 30,
    month => "APR",
    type => "gregorian",
    year => 1980
  }
]
[
  {
    day => 30,
    flag => "from",
    month => "APR",
    type => "julian",
    year => 1980
  }
]
[
  {
    day => 30,
    flag => "from",
    month => "APR",
    type => "gregorian",
    year => 1980
  }
]
Date: FROM 10 JUL 2003. 
day 1 => 10
year 1 => 2003
julian_date 1 => [
  10,
  "JUL",
  2003
]
julian shift 1 => [
  10,
  "JUL",
  2003
]
from_date 1 => "FROM"
from_date 2 => [
  {
    day => 10,
    month => "JUL",
    type => "julian",
    year => 2003
  }
]
day 1 => 10
gregorian_month 1 => "JUL"
year 1 => 2003
gregorian_date 1 => [
  10,
  "JUL",
  2003
]
gregorian_date shift 1 => [
  10,
  "JUL",
  2003
]
from_date 1 => "FROM"
from_date 2 => [
  {
    day => 10,
    month => "JUL",
    type => "gregorian",
    year => 2003
  }
]
[
  {
    day => 10,
    flag => "from",
    month => "JUL",
    type => "julian",
    year => 2003
  }
]
[
  {
    day => 10,
    flag => "from",
    month => "JUL",
    type => "gregorian",
    year => 2003
  }
]
Date: TO 1910. 
year 1 => 1910
gregorian_date 1 => [
  1910
]
gregorian_date shift 1 => [
  1,
  "Jan",
  1910
]
to_date 1 => "TO"
to_date 2 => [
  {
    day => 1,
    month => "Jan",
    type => "gregorian",
    year => 1910
  }
]
year 1 => 1910
julian_date 1 => [
  1910
]
julian shift 1 => [
  1,
  "Jan",
  1910
]
to_date 1 => "TO"
to_date 2 => [
  {
    day => 1,
    month => "Jan",
    type => "julian",
    year => 1910
  }
]
[
  {
    day => 1,
    flag => "to",
    month => "Jan",
    type => "gregorian",
    year => 1910
  }
]
[
  {
    day => 1,
    flag => "to",
    month => "Jan",
    type => "julian",
    year => 1910
  }
]
Date: TO 10 JUL 2003. 
day 1 => 10
year 1 => 2003
julian_date 1 => [
  10,
  "JUL",
  2003
]
julian shift 1 => [
  10,
  "JUL",
  2003
]
to_date 1 => "TO"
to_date 2 => [
  {
    day => 10,
    month => "JUL",
    type => "julian",
    year => 2003
  }
]
day 1 => 10
gregorian_month 1 => "JUL"
year 1 => 2003
gregorian_date 1 => [
  10,
  "JUL",
  2003
]
gregorian_date shift 1 => [
  10,
  "JUL",
  2003
]
to_date 1 => "TO"
to_date 2 => [
  {
    day => 10,
    month => "JUL",
    type => "gregorian",
    year => 2003
  }
]
[
  {
    day => 10,
    flag => "to",
    month => "JUL",
    type => "julian",
    year => 2003
  }
]
[
  {
    day => 10,
    flag => "to",
    month => "JUL",
    type => "gregorian",
    year => 2003
  }
]
Date: FROM 10 JUL 2003 TO 20 JUL 2003. 
day 1 => 10
year 1 => 2003
julian_date 1 => [
  10,
  "JUL",
  2003
]
julian shift 1 => [
  10,
  "JUL",
  2003
]
from_date 1 => "FROM"
from_date 2 => [
  {
    day => 10,
    month => "JUL",
    type => "julian",
    year => 2003
  }
]
day 1 => 20
year 1 => 2003
julian_date 1 => [
  20,
  "JUL",
  2003
]
julian shift 1 => [
  20,
  "JUL",
  2003
]
to_date 1 => "TO"
to_date 2 => [
  {
    day => 20,
    month => "JUL",
    type => "julian",
    year => 2003
  }
]
day 1 => 10
gregorian_month 1 => "JUL"
year 1 => 2003
gregorian_date 1 => [
  10,
  "JUL",
  2003
]
gregorian_date shift 1 => [
  10,
  "JUL",
  2003
]
from_date 1 => "FROM"
from_date 2 => [
  {
    day => 10,
    month => "JUL",
    type => "gregorian",
    year => 2003
  }
]
day 1 => 20
year 1 => 2003
julian_date 1 => [
  20,
  "JUL",
  2003
]
julian shift 1 => [
  20,
  "JUL",
  2003
]
to_date 1 => "TO"
to_date 2 => [
  {
    day => 20,
    month => "JUL",
    type => "julian",
    year => 2003
  }
]
day 1 => 10
year 1 => 2003
julian_date 1 => [
  10,
  "JUL",
  2003
]
julian shift 1 => [
  10,
  "JUL",
  2003
]
from_date 1 => "FROM"
from_date 2 => [
  {
    day => 10,
    month => "JUL",
    type => "julian",
    year => 2003
  }
]
day 1 => 20
gregorian_month 1 => "JUL"
year 1 => 2003
gregorian_date 1 => [
  20,
  "JUL",
  2003
]
gregorian_date shift 1 => [
  20,
  "JUL",
  2003
]
to_date 1 => "TO"
to_date 2 => [
  {
    day => 20,
    month => "JUL",
    type => "gregorian",
    year => 2003
  }
]
day 1 => 10
gregorian_month 1 => "JUL"
year 1 => 2003
gregorian_date 1 => [
  10,
  "JUL",
  2003
]
gregorian_date shift 1 => [
  10,
  "JUL",
  2003
]
from_date 1 => "FROM"
from_date 2 => [
  {
    day => 10,
    month => "JUL",
    type => "gregorian",
    year => 2003
  }
]
day 1 => 20
gregorian_month 1 => "JUL"
year 1 => 2003
gregorian_date 1 => [
  20,
  "JUL",
  2003
]
gregorian_date shift 1 => [
  20,
  "JUL",
  2003
]
to_date 1 => "TO"
to_date 2 => [
  {
    day => 20,
    month => "JUL",
    type => "gregorian",
    year => 2003
  }
]
[
  {
    day => 10,
    flag => "from",
    month => "JUL",
    type => "julian",
    year => 2003
  },
  {
    day => 20,
    flag => "to",
    month => "JUL",
    type => "julian",
    year => 2003
  }
]
[
  {
    day => 10,
    flag => "from",
    month => "JUL",
    type => "gregorian",
    year => 2003
  },
  {
    day => 20,
    flag => "to",
    month => "JUL",
    type => "julian",
    year => 2003
  }
]
[
  {
    day => 10,
    flag => "from",
    month => "JUL",
    type => "julian",
    year => 2003
  },
  {
    day => 20,
    flag => "to",
    month => "JUL",
    type => "gregorian",
    year => 2003
  }
]
[
  {
    day => 10,
    flag => "from",
    month => "JUL",
    type => "gregorian",
    year => 2003
  },
  {
    day => 20,
    flag => "to",
    month => "JUL",
    type => "gregorian",
    year => 2003
  }
]
Date: AFTER 1948. 
year 1 => 1948
gregorian_date 1 => [
  1948
]
gregorian_date shift 1 => [
  1,
  "Jan",
  1948
]
after_date 2 => [
  {
    day => 1,
    month => "Jan",
    type => "gregorian",
    year => 1948
  }
]
year 1 => 1948
julian_date 1 => [
  1948
]
julian shift 1 => [
  1,
  "Jan",
  1948
]
after_date 2 => [
  {
    day => 1,
    month => "Jan",
    type => "julian",
    year => 1948
  }
]
[
  {
    day => 1,
    flag => "after",
    month => "Jan",
    type => "gregorian",
    year => 1948
  }
]
[
  {
    day => 1,
    flag => "after",
    month => "Jan",
    type => "julian",
    year => 1948
  }
]
Date: AFT 10 JUL 2003. 
day 1 => 10
year 1 => 2003
julian_date 1 => [
  10,
  "JUL",
  2003
]
julian shift 1 => [
  10,
  "JUL",
  2003
]
after_date 2 => [
  {
    day => 10,
    month => "JUL",
    type => "julian",
    year => 2003
  }
]
day 1 => 10
gregorian_month 1 => "JUL"
year 1 => 2003
gregorian_date 1 => [
  10,
  "JUL",
  2003
]
gregorian_date shift 1 => [
  10,
  "JUL",
  2003
]
after_date 2 => [
  {
    day => 10,
    month => "JUL",
    type => "gregorian",
    year => 2003
  }
]
[
  {
    day => 10,
    flag => "after",
    month => "JUL",
    type => "julian",
    year => 2003
  }
]
[
  {
    day => 10,
    flag => "after",
    month => "JUL",
    type => "gregorian",
    year => 2003
  }
]
Date: BEF 2 AUG 2003. 
day 1 => 2
year 1 => 2003
julian_date 1 => [
  2,
  "AUG",
  2003
]
julian shift 1 => [
  2,
  "AUG",
  2003
]
before_date 2 => [
  {
    day => 2,
    month => "AUG",
    type => "julian",
    year => 2003
  }
]
day 1 => 2
gregorian_month 1 => "AUG"
year 1 => 2003
gregorian_date 1 => [
  2,
  "AUG",
  2003
]
gregorian_date shift 1 => [
  2,
  "AUG",
  2003
]
before_date 2 => [
  {
    day => 2,
    month => "AUG",
    type => "gregorian",
    year => 2003
  }
]
[
  {
    day => 2,
    flag => "before",
    month => "AUG",
    type => "julian",
    year => 2003
  }
]
[
  {
    day => 2,
    flag => "before",
    month => "AUG",
    type => "gregorian",
    year => 2003
  }
]
Date: BEF 10 JUL 2003. 
day 1 => 10
year 1 => 2003
julian_date 1 => [
  10,
  "JUL",
  2003
]
julian shift 1 => [
  10,
  "JUL",
  2003
]
before_date 2 => [
  {
    day => 10,
    month => "JUL",
    type => "julian",
    year => 2003
  }
]
day 1 => 10
gregorian_month 1 => "JUL"
year 1 => 2003
gregorian_date 1 => [
  10,
  "JUL",
  2003
]
gregorian_date shift 1 => [
  10,
  "JUL",
  2003
]
before_date 2 => [
  {
    day => 10,
    month => "JUL",
    type => "gregorian",
    year => 2003
  }
]
[
  {
    day => 10,
    flag => "before",
    month => "JUL",
    type => "julian",
    year => 2003
  }
]
[
  {
    day => 10,
    flag => "before",
    month => "JUL",
    type => "gregorian",
    year => 2003
  }
]
Date: BET 1600 AND 1620. 
year 1 => 1600
gregorian_date 1 => [
  1600
]
gregorian_date shift 1 => [
  1,
  "Jan",
  1600
]
year 1 => 1620
gregorian_date 1 => [
  1620
]
gregorian_date shift 1 => [
  1,
  "Jan",
  1620
]
between_date 2 => [
  {
    day => 1,
    month => "Jan",
    type => "gregorian",
    year => 1600
  }
]
between_date 4 => [
  {
    day => 1,
    month => "Jan",
    type => "gregorian",
    year => 1620
  }
]
year 1 => 1600
julian_date 1 => [
  1600
]
julian shift 1 => [
  1,
  "Jan",
  1600
]
year 1 => 1620
gregorian_date 1 => [
  1620
]
gregorian_date shift 1 => [
  1,
  "Jan",
  1620
]
between_date 2 => [
  {
    day => 1,
    month => "Jan",
    type => "julian",
    year => 1600
  }
]
between_date 4 => [
  {
    day => 1,
    month => "Jan",
    type => "gregorian",
    year => 1620
  }
]
year 1 => 1600
gregorian_date 1 => [
  1600
]
gregorian_date shift 1 => [
  1,
  "Jan",
  1600
]
year 1 => 1620
julian_date 1 => [
  1620
]
julian shift 1 => [
  1,
  "Jan",
  1620
]
between_date 2 => [
  {
    day => 1,
    month => "Jan",
    type => "gregorian",
    year => 1600
  }
]
between_date 4 => [
  {
    day => 1,
    month => "Jan",
    type => "julian",
    year => 1620
  }
]
year 1 => 1600
julian_date 1 => [
  1600
]
julian shift 1 => [
  1,
  "Jan",
  1600
]
year 1 => 1620
julian_date 1 => [
  1620
]
julian shift 1 => [
  1,
  "Jan",
  1620
]
between_date 2 => [
  {
    day => 1,
    month => "Jan",
    type => "julian",
    year => 1600
  }
]
between_date 4 => [
  {
    day => 1,
    month => "Jan",
    type => "julian",
    year => 1620
  }
]
[
  {
    day => 1,
    flag => "between",
    month => "Jan",
    type => "gregorian",
    year => 1600
  },
  {
    and => "and",
    day => 1,
    month => "Jan",
    type => "gregorian",
    year => 1620
  }
]
[
  {
    day => 1,
    flag => "between",
    month => "Jan",
    type => "julian",
    year => 1600
  },
  {
    and => "and",
    day => 1,
    month => "Jan",
    type => "gregorian",
    year => 1620
  }
]
[
  {
    day => 1,
    flag => "between",
    month => "Jan",
    type => "gregorian",
    year => 1600
  },
  {
    and => "and",
    day => 1,
    month => "Jan",
    type => "julian",
    year => 1620
  }
]
[
  {
    day => 1,
    flag => "between",
    month => "Jan",
    type => "julian",
    year => 1600
  },
  {
    and => "and",
    day => 1,
    month => "Jan",
    type => "julian",
    year => 1620
  }
]
Date: BET 1 JAN 1852 AND 31 DEC 1852. 
day 1 => 1
year 1 => 1852
julian_date 1 => [
  1,
  "JAN",
  1852
]
julian shift 1 => [
  1,
  "JAN",
  1852
]
day 1 => 31
year 1 => 1852
julian_date 1 => [
  31,
  "DEC",
  1852
]
julian shift 1 => [
  31,
  "DEC",
  1852
]
between_date 2 => [
  {
    day => 1,
    month => "JAN",
    type => "julian",
    year => 1852
  }
]
between_date 4 => [
  {
    day => 31,
    month => "DEC",
    type => "julian",
    year => 1852
  }
]
day 1 => 1
gregorian_month 1 => "JAN"
year 1 => 1852
gregorian_date 1 => [
  1,
  "JAN",
  1852
]
gregorian_date shift 1 => [
  1,
  "JAN",
  1852
]
day 1 => 31
year 1 => 1852
julian_date 1 => [
  31,
  "DEC",
  1852
]
julian shift 1 => [
  31,
  "DEC",
  1852
]
between_date 2 => [
  {
    day => 1,
    month => "JAN",
    type => "gregorian",
    year => 1852
  }
]
between_date 4 => [
  {
    day => 31,
    month => "DEC",
    type => "julian",
    year => 1852
  }
]
day 1 => 1
year 1 => 1852
julian_date 1 => [
  1,
  "JAN",
  1852
]
julian shift 1 => [
  1,
  "JAN",
  1852
]
day 1 => 31
gregorian_month 1 => "DEC"
year 1 => 1852
gregorian_date 1 => [
  31,
  "DEC",
  1852
]
gregorian_date shift 1 => [
  31,
  "DEC",
  1852
]
between_date 2 => [
  {
    day => 1,
    month => "JAN",
    type => "julian",
    year => 1852
  }
]
between_date 4 => [
  {
    day => 31,
    month => "DEC",
    type => "gregorian",
    year => 1852
  }
]
day 1 => 1
gregorian_month 1 => "JAN"
year 1 => 1852
gregorian_date 1 => [
  1,
  "JAN",
  1852
]
gregorian_date shift 1 => [
  1,
  "JAN",
  1852
]
day 1 => 31
gregorian_month 1 => "DEC"
year 1 => 1852
gregorian_date 1 => [
  31,
  "DEC",
  1852
]
gregorian_date shift 1 => [
  31,
  "DEC",
  1852
]
between_date 2 => [
  {
    day => 1,
    month => "JAN",
    type => "gregorian",
    year => 1852
  }
]
between_date 4 => [
  {
    day => 31,
    month => "DEC",
    type => "gregorian",
    year => 1852
  }
]
[
  {
    day => 1,
    flag => "between",
    month => "JAN",
    type => "julian",
    year => 1852
  },
  {
    and => "and",
    day => 31,
    month => "DEC",
    type => "julian",
    year => 1852
  }
]
[
  {
    day => 1,
    flag => "between",
    month => "JAN",
    type => "gregorian",
    year => 1852
  },
  {
    and => "and",
    day => 31,
    month => "DEC",
    type => "julian",
    year => 1852
  }
]
[
  {
    day => 1,
    flag => "between",
    month => "JAN",
    type => "julian",
    year => 1852
  },
  {
    and => "and",
    day => 31,
    month => "DEC",
    type => "gregorian",
    year => 1852
  }
]
[
  {
    day => 1,
    flag => "between",
    month => "JAN",
    type => "gregorian",
    year => 1852
  },
  {
    and => "and",
    day => 31,
    month => "DEC",
    type => "gregorian",
    year => 1852
  }
]
Date: BET 1 JAN 1852 AND DEC 1852. 
day 1 => 1
year 1 => 1852
julian_date 1 => [
  1,
  "JAN",
  1852
]
julian shift 1 => [
  1,
  "JAN",
  1852
]
year 1 => 1852
julian_date 1 => [
  "DEC",
  1852
]
julian shift 1 => [
  1,
  "DEC",
  1852
]
between_date 2 => [
  {
    day => 1,
    month => "JAN",
    type => "julian",
    year => 1852
  }
]
between_date 4 => [
  {
    day => 1,
    month => "DEC",
    type => "julian",
    year => 1852
  }
]
day 1 => 1
gregorian_month 1 => "JAN"
year 1 => 1852
gregorian_date 1 => [
  1,
  "JAN",
  1852
]
gregorian_date shift 1 => [
  1,
  "JAN",
  1852
]
year 1 => 1852
julian_date 1 => [
  "DEC",
  1852
]
julian shift 1 => [
  1,
  "DEC",
  1852
]
between_date 2 => [
  {
    day => 1,
    month => "JAN",
    type => "gregorian",
    year => 1852
  }
]
between_date 4 => [
  {
    day => 1,
    month => "DEC",
    type => "julian",
    year => 1852
  }
]
day 1 => 1
year 1 => 1852
julian_date 1 => [
  1,
  "JAN",
  1852
]
julian shift 1 => [
  1,
  "JAN",
  1852
]
gregorian_month 1 => "DEC"
year 1 => 1852
gregorian_date 1 => [
  "DEC",
  1852
]
gregorian_date shift 1 => [
  1,
  "DEC",
  1852
]
between_date 2 => [
  {
    day => 1,
    month => "JAN",
    type => "julian",
    year => 1852
  }
]
between_date 4 => [
  {
    day => 1,
    month => "DEC",
    type => "gregorian",
    year => 1852
  }
]
day 1 => 1
gregorian_month 1 => "JAN"
year 1 => 1852
gregorian_date 1 => [
  1,
  "JAN",
  1852
]
gregorian_date shift 1 => [
  1,
  "JAN",
  1852
]
gregorian_month 1 => "DEC"
year 1 => 1852
gregorian_date 1 => [
  "DEC",
  1852
]
gregorian_date shift 1 => [
  1,
  "DEC",
  1852
]
between_date 2 => [
  {
    day => 1,
    month => "JAN",
    type => "gregorian",
    year => 1852
  }
]
between_date 4 => [
  {
    day => 1,
    month => "DEC",
    type => "gregorian",
    year => 1852
  }
]
[
  {
    day => 1,
    flag => "between",
    month => "JAN",
    type => "julian",
    year => 1852
  },
  {
    and => "and",
    day => 1,
    month => "DEC",
    type => "julian",
    year => 1852
  }
]
[
  {
    day => 1,
    flag => "between",
    month => "JAN",
    type => "gregorian",
    year => 1852
  },
  {
    and => "and",
    day => 1,
    month => "DEC",
    type => "julian",
    year => 1852
  }
]
[
  {
    day => 1,
    flag => "between",
    month => "JAN",
    type => "julian",
    year => 1852
  },
  {
    and => "and",
    day => 1,
    month => "DEC",
    type => "gregorian",
    year => 1852
  }
]
[
  {
    day => 1,
    flag => "between",
    month => "JAN",
    type => "gregorian",
    year => 1852
  },
  {
    and => "and",
    day => 1,
    month => "DEC",
    type => "gregorian",
    year => 1852
  }
]
Date: BET JAN 1852 AND 31 DEC 1852. 
year 1 => 1852
julian_date 1 => [
  "JAN",
  1852
]
julian shift 1 => [
  1,
  "JAN",
  1852
]
day 1 => 31
year 1 => 1852
julian_date 1 => [
  31,
  "DEC",
  1852
]
julian shift 1 => [
  31,
  "DEC",
  1852
]
between_date 2 => [
  {
    day => 1,
    month => "JAN",
    type => "julian",
    year => 1852
  }
]
between_date 4 => [
  {
    day => 31,
    month => "DEC",
    type => "julian",
    year => 1852
  }
]
gregorian_month 1 => "JAN"
year 1 => 1852
gregorian_date 1 => [
  "JAN",
  1852
]
gregorian_date shift 1 => [
  1,
  "JAN",
  1852
]
day 1 => 31
year 1 => 1852
julian_date 1 => [
  31,
  "DEC",
  1852
]
julian shift 1 => [
  31,
  "DEC",
  1852
]
between_date 2 => [
  {
    day => 1,
    month => "JAN",
    type => "gregorian",
    year => 1852
  }
]
between_date 4 => [
  {
    day => 31,
    month => "DEC",
    type => "julian",
    year => 1852
  }
]
year 1 => 1852
julian_date 1 => [
  "JAN",
  1852
]
julian shift 1 => [
  1,
  "JAN",
  1852
]
day 1 => 31
gregorian_month 1 => "DEC"
year 1 => 1852
gregorian_date 1 => [
  31,
  "DEC",
  1852
]
gregorian_date shift 1 => [
  31,
  "DEC",
  1852
]
between_date 2 => [
  {
    day => 1,
    month => "JAN",
    type => "julian",
    year => 1852
  }
]
between_date 4 => [
  {
    day => 31,
    month => "DEC",
    type => "gregorian",
    year => 1852
  }
]
gregorian_month 1 => "JAN"
year 1 => 1852
gregorian_date 1 => [
  "JAN",
  1852
]
gregorian_date shift 1 => [
  1,
  "JAN",
  1852
]
day 1 => 31
gregorian_month 1 => "DEC"
year 1 => 1852
gregorian_date 1 => [
  31,
  "DEC",
  1852
]
gregorian_date shift 1 => [
  31,
  "DEC",
  1852
]
between_date 2 => [
  {
    day => 1,
    month => "JAN",
    type => "gregorian",
    year => 1852
  }
]
between_date 4 => [
  {
    day => 31,
    month => "DEC",
    type => "gregorian",
    year => 1852
  }
]
[
  {
    day => 1,
    flag => "between",
    month => "JAN",
    type => "julian",
    year => 1852
  },
  {
    and => "and",
    day => 31,
    month => "DEC",
    type => "julian",
    year => 1852
  }
]
[
  {
    day => 1,
    flag => "between",
    month => "JAN",
    type => "gregorian",
    year => 1852
  },
  {
    and => "and",
    day => 31,
    month => "DEC",
    type => "julian",
    year => 1852
  }
]
[
  {
    day => 1,
    flag => "between",
    month => "JAN",
    type => "julian",
    year => 1852
  },
  {
    and => "and",
    day => 31,
    month => "DEC",
    type => "gregorian",
    year => 1852
  }
]
[
  {
    day => 1,
    flag => "between",
    month => "JAN",
    type => "gregorian",
    year => 1852
  },
  {
    and => "and",
    day => 31,
    month => "DEC",
    type => "gregorian",
    year => 1852
  }
]
Date: BET JAN 1852 AND DEC 1852. 
year 1 => 1852
julian_date 1 => [
  "JAN",
  1852
]
julian shift 1 => [
  1,
  "JAN",
  1852
]
year 1 => 1852
julian_date 1 => [
  "DEC",
  1852
]
julian shift 1 => [
  1,
  "DEC",
  1852
]
between_date 2 => [
  {
    day => 1,
    month => "JAN",
    type => "julian",
    year => 1852
  }
]
between_date 4 => [
  {
    day => 1,
    month => "DEC",
    type => "julian",
    year => 1852
  }
]
gregorian_month 1 => "JAN"
year 1 => 1852
gregorian_date 1 => [
  "JAN",
  1852
]
gregorian_date shift 1 => [
  1,
  "JAN",
  1852
]
year 1 => 1852
julian_date 1 => [
  "DEC",
  1852
]
julian shift 1 => [
  1,
  "DEC",
  1852
]
between_date 2 => [
  {
    day => 1,
    month => "JAN",
    type => "gregorian",
    year => 1852
  }
]
between_date 4 => [
  {
    day => 1,
    month => "DEC",
    type => "julian",
    year => 1852
  }
]
year 1 => 1852
julian_date 1 => [
  "JAN",
  1852
]
julian shift 1 => [
  1,
  "JAN",
  1852
]
gregorian_month 1 => "DEC"
year 1 => 1852
gregorian_date 1 => [
  "DEC",
  1852
]
gregorian_date shift 1 => [
  1,
  "DEC",
  1852
]
between_date 2 => [
  {
    day => 1,
    month => "JAN",
    type => "julian",
    year => 1852
  }
]
between_date 4 => [
  {
    day => 1,
    month => "DEC",
    type => "gregorian",
    year => 1852
  }
]
gregorian_month 1 => "JAN"
year 1 => 1852
gregorian_date 1 => [
  "JAN",
  1852
]
gregorian_date shift 1 => [
  1,
  "JAN",
  1852
]
gregorian_month 1 => "DEC"
year 1 => 1852
gregorian_date 1 => [
  "DEC",
  1852
]
gregorian_date shift 1 => [
  1,
  "DEC",
  1852
]
between_date 2 => [
  {
    day => 1,
    month => "JAN",
    type => "gregorian",
    year => 1852
  }
]
between_date 4 => [
  {
    day => 1,
    month => "DEC",
    type => "gregorian",
    year => 1852
  }
]
[
  {
    day => 1,
    flag => "between",
    month => "JAN",
    type => "julian",
    year => 1852
  },
  {
    and => "and",
    day => 1,
    month => "DEC",
    type => "julian",
    year => 1852
  }
]
[
  {
    day => 1,
    flag => "between",
    month => "JAN",
    type => "gregorian",
    year => 1852
  },
  {
    and => "and",
    day => 1,
    month => "DEC",
    type => "julian",
    year => 1852
  }
]
[
  {
    day => 1,
    flag => "between",
    month => "JAN",
    type => "julian",
    year => 1852
  },
  {
    and => "and",
    day => 1,
    month => "DEC",
    type => "gregorian",
    year => 1852
  }
]
[
  {
    day => 1,
    flag => "between",
    month => "JAN",
    type => "gregorian",
    year => 1852
  },
  {
    and => "and",
    day => 1,
    month => "DEC",
    type => "gregorian",
    year => 1852
  }
]
Date: BET 1 JAN 1920 AND 31 JAN 1920. 
day 1 => 1
year 1 => 1920
julian_date 1 => [
  1,
  "JAN",
  1920
]
julian shift 1 => [
  1,
  "JAN",
  1920
]
day 1 => 31
year 1 => 1920
julian_date 1 => [
  31,
  "JAN",
  1920
]
julian shift 1 => [
  31,
  "JAN",
  1920
]
between_date 2 => [
  {
    day => 1,
    month => "JAN",
    type => "julian",
    year => 1920
  }
]
between_date 4 => [
  {
    day => 31,
    month => "JAN",
    type => "julian",
    year => 1920
  }
]
day 1 => 1
gregorian_month 1 => "JAN"
year 1 => 1920
gregorian_date 1 => [
  1,
  "JAN",
  1920
]
gregorian_date shift 1 => [
  1,
  "JAN",
  1920
]
day 1 => 31
year 1 => 1920
julian_date 1 => [
  31,
  "JAN",
  1920
]
julian shift 1 => [
  31,
  "JAN",
  1920
]
between_date 2 => [
  {
    day => 1,
    month => "JAN",
    type => "gregorian",
    year => 1920
  }
]
between_date 4 => [
  {
    day => 31,
    month => "JAN",
    type => "julian",
    year => 1920
  }
]
day 1 => 1
year 1 => 1920
julian_date 1 => [
  1,
  "JAN",
  1920
]
julian shift 1 => [
  1,
  "JAN",
  1920
]
day 1 => 31
gregorian_month 1 => "JAN"
year 1 => 1920
gregorian_date 1 => [
  31,
  "JAN",
  1920
]
gregorian_date shift 1 => [
  31,
  "JAN",
  1920
]
between_date 2 => [
  {
    day => 1,
    month => "JAN",
    type => "julian",
    year => 1920
  }
]
between_date 4 => [
  {
    day => 31,
    month => "JAN",
    type => "gregorian",
    year => 1920
  }
]
day 1 => 1
gregorian_month 1 => "JAN"
year 1 => 1920
gregorian_date 1 => [
  1,
  "JAN",
  1920
]
gregorian_date shift 1 => [
  1,
  "JAN",
  1920
]
day 1 => 31
gregorian_month 1 => "JAN"
year 1 => 1920
gregorian_date 1 => [
  31,
  "JAN",
  1920
]
gregorian_date shift 1 => [
  31,
  "JAN",
  1920
]
between_date 2 => [
  {
    day => 1,
    month => "JAN",
    type => "gregorian",
    year => 1920
  }
]
between_date 4 => [
  {
    day => 31,
    month => "JAN",
    type => "gregorian",
    year => 1920
  }
]
[
  {
    day => 1,
    flag => "between",
    month => "JAN",
    type => "julian",
    year => 1920
  },
  {
    and => "and",
    day => 31,
    month => "JAN",
    type => "julian",
    year => 1920
  }
]
[
  {
    day => 1,
    flag => "between",
    month => "JAN",
    type => "gregorian",
    year => 1920
  },
  {
    and => "and",
    day => 31,
    month => "JAN",
    type => "julian",
    year => 1920
  }
]
[
  {
    day => 1,
    flag => "between",
    month => "JAN",
    type => "julian",
    year => 1920
  },
  {
    and => "and",
    day => 31,
    month => "JAN",
    type => "gregorian",
    year => 1920
  }
]
[
  {
    day => 1,
    flag => "between",
    month => "JAN",
    type => "gregorian",
    year => 1920
  },
  {
    and => "and",
    day => 31,
    month => "JAN",
    type => "gregorian",
    year => 1920
  }
]
Date: BET 10 JUL 2003 AND 20 JUL 2003. 
day 1 => 10
year 1 => 2003
julian_date 1 => [
  10,
  "JUL",
  2003
]
julian shift 1 => [
  10,
  "JUL",
  2003
]
day 1 => 20
year 1 => 2003
julian_date 1 => [
  20,
  "JUL",
  2003
]
julian shift 1 => [
  20,
  "JUL",
  2003
]
between_date 2 => [
  {
    day => 10,
    month => "JUL",
    type => "julian",
    year => 2003
  }
]
between_date 4 => [
  {
    day => 20,
    month => "JUL",
    type => "julian",
    year => 2003
  }
]
day 1 => 10
gregorian_month 1 => "JUL"
year 1 => 2003
gregorian_date 1 => [
  10,
  "JUL",
  2003
]
gregorian_date shift 1 => [
  10,
  "JUL",
  2003
]
day 1 => 20
year 1 => 2003
julian_date 1 => [
  20,
  "JUL",
  2003
]
julian shift 1 => [
  20,
  "JUL",
  2003
]
between_date 2 => [
  {
    day => 10,
    month => "JUL",
    type => "gregorian",
    year => 2003
  }
]
between_date 4 => [
  {
    day => 20,
    month => "JUL",
    type => "julian",
    year => 2003
  }
]
day 1 => 10
year 1 => 2003
julian_date 1 => [
  10,
  "JUL",
  2003
]
julian shift 1 => [
  10,
  "JUL",
  2003
]
day 1 => 20
gregorian_month 1 => "JUL"
year 1 => 2003
gregorian_date 1 => [
  20,
  "JUL",
  2003
]
gregorian_date shift 1 => [
  20,
  "JUL",
  2003
]
between_date 2 => [
  {
    day => 10,
    month => "JUL",
    type => "julian",
    year => 2003
  }
]
between_date 4 => [
  {
    day => 20,
    month => "JUL",
    type => "gregorian",
    year => 2003
  }
]
day 1 => 10
gregorian_month 1 => "JUL"
year 1 => 2003
gregorian_date 1 => [
  10,
  "JUL",
  2003
]
gregorian_date shift 1 => [
  10,
  "JUL",
  2003
]
day 1 => 20
gregorian_month 1 => "JUL"
year 1 => 2003
gregorian_date 1 => [
  20,
  "JUL",
  2003
]
gregorian_date shift 1 => [
  20,
  "JUL",
  2003
]
between_date 2 => [
  {
    day => 10,
    month => "JUL",
    type => "gregorian",
    year => 2003
  }
]
between_date 4 => [
  {
    day => 20,
    month => "JUL",
    type => "gregorian",
    year => 2003
  }
]
[
  {
    day => 10,
    flag => "between",
    month => "JUL",
    type => "julian",
    year => 2003
  },
  {
    and => "and",
    day => 20,
    month => "JUL",
    type => "julian",
    year => 2003
  }
]
[
  {
    day => 10,
    flag => "between",
    month => "JUL",
    type => "gregorian",
    year => 2003
  },
  {
    and => "and",
    day => 20,
    month => "JUL",
    type => "julian",
    year => 2003
  }
]
[
  {
    day => 10,
    flag => "between",
    month => "JUL",
    type => "julian",
    year => 2003
  },
  {
    and => "and",
    day => 20,
    month => "JUL",
    type => "gregorian",
    year => 2003
  }
]
[
  {
    day => 10,
    flag => "between",
    month => "JUL",
    type => "gregorian",
    year => 2003
  },
  {
    and => "and",
    day => 20,
    month => "JUL",
    type => "gregorian",
    year => 2003
  }
]
Date: Aft 1 Jan 2001. 
day 1 => 1
year 1 => 2001
julian_date 1 => [
  1,
  "Jan",
  2001
]
julian shift 1 => [
  1,
  "Jan",
  2001
]
after_date 2 => [
  {
    day => 1,
    month => "Jan",
    type => "julian",
    year => 2001
  }
]
day 1 => 1
gregorian_month 1 => "Jan"
year 1 => 2001
gregorian_date 1 => [
  1,
  "Jan",
  2001
]
gregorian_date shift 1 => [
  1,
  "Jan",
  2001
]
after_date 2 => [
  {
    day => 1,
    month => "Jan",
    type => "gregorian",
    year => 2001
  }
]
[
  {
    day => 1,
    flag => "after",
    month => "Jan",
    type => "julian",
    year => 2001
  }
]
[
  {
    day => 1,
    flag => "after",
    month => "Jan",
    type => "gregorian",
    year => 2001
  }
]
Date: From 0. 
year 1 => 0
gregorian_date 1 => [
  0
]
gregorian_date shift 1 => [
  1,
  "Jan",
  0
]
from_date 1 => "From"
from_date 2 => [
  {
    day => 1,
    month => "Jan",
    type => "gregorian",
    year => 0
  }
]
year 1 => 0
julian_date 1 => [
  0
]
julian shift 1 => [
  1,
  "Jan",
  0
]
from_date 1 => "From"
from_date 2 => [
  {
    day => 1,
    month => "Jan",
    type => "julian",
    year => 0
  }
]
[
  {
    day => 1,
    flag => "from",
    month => "Jan",
    type => "gregorian",
    year => 0
  }
]
[
  {
    day => 1,
    flag => "from",
    month => "Jan",
    type => "julian",
    year => 0
  }
]
Date: Abt 1 Jan 2001. 
day 1 => 1
year 1 => 2001
julian_date 1 => [
  1,
  "Jan",
  2001
]
julian shift 1 => [
  1,
  "Jan",
  2001
]
about_date 2 => [
  {
    day => 1,
    month => "Jan",
    type => "julian",
    year => 2001
  }
]
day 1 => 1
gregorian_month 1 => "Jan"
year 1 => 2001
gregorian_date 1 => [
  1,
  "Jan",
  2001
]
gregorian_date shift 1 => [
  1,
  "Jan",
  2001
]
about_date 2 => [
  {
    day => 1,
    month => "Jan",
    type => "gregorian",
    year => 2001
  }
]
[
  {
    day => 1,
    flag => "about",
    month => "Jan",
    type => "julian",
    year => 2001
  }
]
[
  {
    day => 1,
    flag => "about",
    month => "Jan",
    type => "gregorian",
    year => 2001
  }
]
Date: Abt 4000 BC. 
year 1 => 4000
gregorian_year_bce 1 => 4000
gregorian_year_bce 2 => "BC"
gregorian_date 1 => [
  {
    bce => "BC",
    type => "gregorian_year",
    year => 4000
  }
]
about_date 2 => [
  {
    bce => "BC",
    type => "gregorian_year",
    year => 4000
  }
]
year 1 => 4000
julian_year_bce 1 => 4000
julian_year_bce 2 => "BC"
julian_date 1 => [
  {
    bce => "BC",
    type => "julian_year",
    year => 4000
  }
]
about_date 2 => [
  {
    bce => "BC",
    type => "julian_year",
    year => 4000
  }
]
[
  {
    bce => "BC",
    flag => "about",
    type => "gregorian_year",
    year => 4000
  }
]
[
  {
    bce => "BC",
    flag => "about",
    type => "julian_year",
    year => 4000
  }
]
Date: Cal 2345 BC. 
year 1 => 2345
gregorian_year_bce 1 => 2345
gregorian_year_bce 2 => "BC"
gregorian_date 1 => [
  {
    bce => "BC",
    type => "gregorian_year",
    year => 2345
  }
]
calculated_date 1 => "Cal"
calculated_date 2 => [
  {
    bce => "BC",
    type => "gregorian_year",
    year => 2345
  }
]
year 1 => 2345
julian_year_bce 1 => 2345
julian_year_bce 2 => "BC"
julian_date 1 => [
  {
    bce => "BC",
    type => "julian_year",
    year => 2345
  }
]
calculated_date 1 => "Cal"
calculated_date 2 => [
  {
    bce => "BC",
    type => "julian_year",
    year => 2345
  }
]
[
  {
    bce => "BC",
    flag => "calculated",
    type => "gregorian_year",
    year => 2345
  }
]
[
  {
    bce => "BC",
    flag => "calculated",
    type => "julian_year",
    year => 2345
  }
]
Date: Cal 31 Dec 2000. 
day 1 => 31
year 1 => 2000
julian_date 1 => [
  31,
  "Dec",
  2000
]
julian shift 1 => [
  31,
  "Dec",
  2000
]
calculated_date 1 => "Cal"
calculated_date 2 => [
  {
    day => 31,
    month => "Dec",
    type => "julian",
    year => 2000
  }
]
day 1 => 31
gregorian_month 1 => "Dec"
year 1 => 2000
gregorian_date 1 => [
  31,
  "Dec",
  2000
]
gregorian_date shift 1 => [
  31,
  "Dec",
  2000
]
calculated_date 1 => "Cal"
calculated_date 2 => [
  {
    day => 31,
    month => "Dec",
    type => "gregorian",
    year => 2000
  }
]
[
  {
    day => 31,
    flag => "calculated",
    month => "Dec",
    type => "julian",
    year => 2000
  }
]
[
  {
    day => 31,
    flag => "calculated",
    month => "Dec",
    type => "gregorian",
    year => 2000
  }
]
Date: Est 1 Jan 2001. 
day 1 => 1
year 1 => 2001
julian_date 1 => [
  1,
  "Jan",
  2001
]
julian shift 1 => [
  1,
  "Jan",
  2001
]
estimated_date 2 => [
  {
    day => 1,
    month => "Jan",
    type => "julian",
    year => 2001
  }
]
day 1 => 1
gregorian_month 1 => "Jan"
year 1 => 2001
gregorian_date 1 => [
  1,
  "Jan",
  2001
]
gregorian_date shift 1 => [
  1,
  "Jan",
  2001
]
estimated_date 2 => [
  {
    day => 1,
    month => "Jan",
    type => "gregorian",
    year => 2001
  }
]
[
  {
    day => 1,
    flag => "estimated",
    month => "Jan",
    type => "julian",
    year => 2001
  }
]
[
  {
    day => 1,
    flag => "estimated",
    month => "Jan",
    type => "gregorian",
    year => 2001
  }
]
Date: Est 1234BC. 
year 1 => 1234
gregorian_year_bce 1 => 1234
gregorian_year_bce 2 => "BC"
gregorian_date 1 => [
  {
    bce => "BC",
    type => "gregorian_year",
    year => 1234
  }
]
estimated_date 2 => [
  {
    bce => "BC",
    type => "gregorian_year",
    year => 1234
  }
]
year 1 => 1234
julian_year_bce 1 => 1234
julian_year_bce 2 => "BC"
julian_date 1 => [
  {
    bce => "BC",
    type => "julian_year",
    year => 1234
  }
]
estimated_date 2 => [
  {
    bce => "BC",
    type => "julian_year",
    year => 1234
  }
]
[
  {
    bce => "BC",
    flag => "estimated",
    type => "gregorian_year",
    year => 1234
  }
]
[
  {
    bce => "BC",
    flag => "estimated",
    type => "julian_year",
    year => 1234
  }
]
Date: FROM 1904 to 1915. 
year 1 => 1904
gregorian_date 1 => [
  1904
]
gregorian_date shift 1 => [
  1,
  "Jan",
  1904
]
from_date 1 => "FROM"
from_date 2 => [
  {
    day => 1,
    month => "Jan",
    type => "gregorian",
    year => 1904
  }
]
year 1 => 1915
gregorian_date 1 => [
  1915
]
gregorian_date shift 1 => [
  1,
  "Jan",
  1915
]
to_date 1 => "to"
to_date 2 => [
  {
    day => 1,
    month => "Jan",
    type => "gregorian",
    year => 1915
  }
]
year 1 => 1904
julian_date 1 => [
  1904
]
julian shift 1 => [
  1,
  "Jan",
  1904
]
from_date 1 => "FROM"
from_date 2 => [
  {
    day => 1,
    month => "Jan",
    type => "julian",
    year => 1904
  }
]
year 1 => 1915
gregorian_date 1 => [
  1915
]
gregorian_date shift 1 => [
  1,
  "Jan",
  1915
]
to_date 1 => "to"
to_date 2 => [
  {
    day => 1,
    month => "Jan",
    type => "gregorian",
    year => 1915
  }
]
year 1 => 1904
gregorian_date 1 => [
  1904
]
gregorian_date shift 1 => [
  1,
  "Jan",
  1904
]
from_date 1 => "FROM"
from_date 2 => [
  {
    day => 1,
    month => "Jan",
    type => "gregorian",
    year => 1904
  }
]
year 1 => 1915
julian_date 1 => [
  1915
]
julian shift 1 => [
  1,
  "Jan",
  1915
]
to_date 1 => "to"
to_date 2 => [
  {
    day => 1,
    month => "Jan",
    type => "julian",
    year => 1915
  }
]
year 1 => 1904
julian_date 1 => [
  1904
]
julian shift 1 => [
  1,
  "Jan",
  1904
]
from_date 1 => "FROM"
from_date 2 => [
  {
    day => 1,
    month => "Jan",
    type => "julian",
    year => 1904
  }
]
year 1 => 1915
julian_date 1 => [
  1915
]
julian shift 1 => [
  1,
  "Jan",
  1915
]
to_date 1 => "to"
to_date 2 => [
  {
    day => 1,
    month => "Jan",
    type => "julian",
    year => 1915
  }
]
[
  {
    day => 1,
    flag => "from",
    month => "Jan",
    type => "gregorian",
    year => 1904
  },
  {
    day => 1,
    flag => "to",
    month => "Jan",
    type => "gregorian",
    year => 1915
  }
]
[
  {
    day => 1,
    flag => "from",
    month => "Jan",
    type => "julian",
    year => 1904
  },
  {
    day => 1,
    flag => "to",
    month => "Jan",
    type => "gregorian",
    year => 1915
  }
]
[
  {
    day => 1,
    flag => "from",
    month => "Jan",
    type => "gregorian",
    year => 1904
  },
  {
    day => 1,
    flag => "to",
    month => "Jan",
    type => "julian",
    year => 1915
  }
]
[
  {
    day => 1,
    flag => "from",
    month => "Jan",
    type => "julian",
    year => 1904
  },
  {
    day => 1,
    flag => "to",
    month => "Jan",
    type => "julian",
    year => 1915
  }
]
Date: FROM 1904. 
year 1 => 1904
gregorian_date 1 => [
  1904
]
gregorian_date shift 1 => [
  1,
  "Jan",
  1904
]
from_date 1 => "FROM"
from_date 2 => [
  {
    day => 1,
    month => "Jan",
    type => "gregorian",
    year => 1904
  }
]
year 1 => 1904
julian_date 1 => [
  1904
]
julian shift 1 => [
  1,
  "Jan",
  1904
]
from_date 1 => "FROM"
from_date 2 => [
  {
    day => 1,
    month => "Jan",
    type => "julian",
    year => 1904
  }
]
[
  {
    day => 1,
    flag => "from",
    month => "Jan",
    type => "gregorian",
    year => 1904
  }
]
[
  {
    day => 1,
    flag => "from",
    month => "Jan",
    type => "julian",
    year => 1904
  }
]
Date: TO 1915. 
year 1 => 1915
gregorian_date 1 => [
  1915
]
gregorian_date shift 1 => [
  1,
  "Jan",
  1915
]
to_date 1 => "TO"
to_date 2 => [
  {
    day => 1,
    month => "Jan",
    type => "gregorian",
    year => 1915
  }
]
year 1 => 1915
julian_date 1 => [
  1915
]
julian shift 1 => [
  1,
  "Jan",
  1915
]
to_date 1 => "TO"
to_date 2 => [
  {
    day => 1,
    month => "Jan",
    type => "julian",
    year => 1915
  }
]
[
  {
    day => 1,
    flag => "to",
    month => "Jan",
    type => "gregorian",
    year => 1915
  }
]
[
  {
    day => 1,
    flag => "to",
    month => "Jan",
    type => "julian",
    year => 1915
  }
]
Date: From 2011 BC to 4 Mar 2011. 
year 1 => 2011
gregorian_year_bce 1 => 2011
gregorian_year_bce 2 => "BC"
gregorian_date 1 => [
  {
    bce => "BC",
    type => "gregorian_year",
    year => 2011
  }
]
from_date 1 => "From"
from_date 2 => [
  {
    bce => "BC",
    type => "gregorian_year",
    year => 2011
  }
]
day 1 => 4
year 1 => 2011
julian_date 1 => [
  4,
  "Mar",
  2011
]
julian shift 1 => [
  4,
  "Mar",
  2011
]
to_date 1 => "to"
to_date 2 => [
  {
    day => 4,
    month => "Mar",
    type => "julian",
    year => 2011
  }
]
year 1 => 2011
julian_year_bce 1 => 2011
julian_year_bce 2 => "BC"
julian_date 1 => [
  {
    bce => "BC",
    type => "julian_year",
    year => 2011
  }
]
from_date 1 => "From"
from_date 2 => [
  {
    bce => "BC",
    type => "julian_year",
    year => 2011
  }
]
day 1 => 4
year 1 => 2011
julian_date 1 => [
  4,
  "Mar",
  2011
]
julian shift 1 => [
  4,
  "Mar",
  2011
]
to_date 1 => "to"
to_date 2 => [
  {
    day => 4,
    month => "Mar",
    type => "julian",
    year => 2011
  }
]
year 1 => 2011
gregorian_year_bce 1 => 2011
gregorian_year_bce 2 => "BC"
gregorian_date 1 => [
  {
    bce => "BC",
    type => "gregorian_year",
    year => 2011
  }
]
from_date 1 => "From"
from_date 2 => [
  {
    bce => "BC",
    type => "gregorian_year",
    year => 2011
  }
]
day 1 => 4
gregorian_month 1 => "Mar"
year 1 => 2011
gregorian_date 1 => [
  4,
  "Mar",
  2011
]
gregorian_date shift 1 => [
  4,
  "Mar",
  2011
]
to_date 1 => "to"
to_date 2 => [
  {
    day => 4,
    month => "Mar",
    type => "gregorian",
    year => 2011
  }
]
year 1 => 2011
julian_year_bce 1 => 2011
julian_year_bce 2 => "BC"
julian_date 1 => [
  {
    bce => "BC",
    type => "julian_year",
    year => 2011
  }
]
from_date 1 => "From"
from_date 2 => [
  {
    bce => "BC",
    type => "julian_year",
    year => 2011
  }
]
day 1 => 4
gregorian_month 1 => "Mar"
year 1 => 2011
gregorian_date 1 => [
  4,
  "Mar",
  2011
]
gregorian_date shift 1 => [
  4,
  "Mar",
  2011
]
to_date 1 => "to"
to_date 2 => [
  {
    day => 4,
    month => "Mar",
    type => "gregorian",
    year => 2011
  }
]
[
  {
    bce => "BC",
    flag => "from",
    type => "gregorian_year",
    year => 2011
  },
  {
    day => 4,
    flag => "to",
    month => "Mar",
    type => "julian",
    year => 2011
  }
]
[
  {
    bce => "BC",
    flag => "from",
    type => "julian_year",
    year => 2011
  },
  {
    day => 4,
    flag => "to",
    month => "Mar",
    type => "julian",
    year => 2011
  }
]
[
  {
    bce => "BC",
    flag => "from",
    type => "gregorian_year",
    year => 2011
  },
  {
    day => 4,
    flag => "to",
    month => "Mar",
    type => "gregorian",
    year => 2011
  }
]
[
  {
    bce => "BC",
    flag => "from",
    type => "julian_year",
    year => 2011
  },
  {
    day => 4,
    flag => "to",
    month => "Mar",
    type => "gregorian",
    year => 2011
  }
]
Date: From 2 Jan 2011 to 4 Mar 2011. 
day 1 => 2
year 1 => 2011
julian_date 1 => [
  2,
  "Jan",
  2011
]
julian shift 1 => [
  2,
  "Jan",
  2011
]
from_date 1 => "From"
from_date 2 => [
  {
    day => 2,
    month => "Jan",
    type => "julian",
    year => 2011
  }
]
day 1 => 4
year 1 => 2011
julian_date 1 => [
  4,
  "Mar",
  2011
]
julian shift 1 => [
  4,
  "Mar",
  2011
]
to_date 1 => "to"
to_date 2 => [
  {
    day => 4,
    month => "Mar",
    type => "julian",
    year => 2011
  }
]
day 1 => 2
gregorian_month 1 => "Jan"
year 1 => 2011
gregorian_date 1 => [
  2,
  "Jan",
  2011
]
gregorian_date shift 1 => [
  2,
  "Jan",
  2011
]
from_date 1 => "From"
from_date 2 => [
  {
    day => 2,
    month => "Jan",
    type => "gregorian",
    year => 2011
  }
]
day 1 => 4
year 1 => 2011
julian_date 1 => [
  4,
  "Mar",
  2011
]
julian shift 1 => [
  4,
  "Mar",
  2011
]
to_date 1 => "to"
to_date 2 => [
  {
    day => 4,
    month => "Mar",
    type => "julian",
    year => 2011
  }
]
day 1 => 2
year 1 => 2011
julian_date 1 => [
  2,
  "Jan",
  2011
]
julian shift 1 => [
  2,
  "Jan",
  2011
]
from_date 1 => "From"
from_date 2 => [
  {
    day => 2,
    month => "Jan",
    type => "julian",
    year => 2011
  }
]
day 1 => 4
gregorian_month 1 => "Mar"
year 1 => 2011
gregorian_date 1 => [
  4,
  "Mar",
  2011
]
gregorian_date shift 1 => [
  4,
  "Mar",
  2011
]
to_date 1 => "to"
to_date 2 => [
  {
    day => 4,
    month => "Mar",
    type => "gregorian",
    year => 2011
  }
]
day 1 => 2
gregorian_month 1 => "Jan"
year 1 => 2011
gregorian_date 1 => [
  2,
  "Jan",
  2011
]
gregorian_date shift 1 => [
  2,
  "Jan",
  2011
]
from_date 1 => "From"
from_date 2 => [
  {
    day => 2,
    month => "Jan",
    type => "gregorian",
    year => 2011
  }
]
day 1 => 4
gregorian_month 1 => "Mar"
year 1 => 2011
gregorian_date 1 => [
  4,
  "Mar",
  2011
]
gregorian_date shift 1 => [
  4,
  "Mar",
  2011
]
to_date 1 => "to"
to_date 2 => [
  {
    day => 4,
    month => "Mar",
    type => "gregorian",
    year => 2011
  }
]
[
  {
    day => 2,
    flag => "from",
    month => "Jan",
    type => "julian",
    year => 2011
  },
  {
    day => 4,
    flag => "to",
    month => "Mar",
    type => "julian",
    year => 2011
  }
]
[
  {
    day => 2,
    flag => "from",
    month => "Jan",
    type => "gregorian",
    year => 2011
  },
  {
    day => 4,
    flag => "to",
    month => "Mar",
    type => "julian",
    year => 2011
  }
]
[
  {
    day => 2,
    flag => "from",
    month => "Jan",
    type => "julian",
    year => 2011
  },
  {
    day => 4,
    flag => "to",
    month => "Mar",
    type => "gregorian",
    year => 2011
  }
]
[
  {
    day => 2,
    flag => "from",
    month => "Jan",
    type => "gregorian",
    year => 2011
  },
  {
    day => 4,
    flag => "to",
    month => "Mar",
    type => "gregorian",
    year => 2011
  }
]
Date: 16 Jan, 2011. 
day 1 => 16
year 1 => 2011
julian_date 1 => [
  16,
  "Jan",
  2011
]
julian shift 1 => [
  16,
  "Jan",
  2011
]
day 1 => 16
gregorian_month 1 => "Jan"
year 1 => 2011
gregorian_date 1 => [
  16,
  "Jan",
  2011
]
gregorian_date shift 1 => [
  16,
  "Jan",
  2011
]
[
  {
    day => 16,
    month => "Jan",
    type => "julian",
    year => 2011
  }
]
[
  {
    day => 16,
    month => "Jan",
    type => "gregorian",
    year => 2011
  }
]
Date: 1 Dec 1699/00. 
day 1 => 1
gregorian_month 1 => "Dec"
year 1 => 1699
gregorian_date 1 => [
  1,
  "Dec",
  1699
]
gregorian_date shift 1 => [
  1,
  "Dec",
  1699
]
[
  {
    day => 1,
    month => "Dec",
    type => "gregorian",
    year => 1699
  }
]
Date: INT 12 APR 1657 (Easter Monday). 
day 1 => 12
year 1 => 1657
julian_date 1 => [
  12,
  "APR",
  1657
]
julian shift 1 => [
  12,
  "APR",
  1657
]
interpreted_date 1 => [
  "INT",
  [
    {
      day => 12,
      month => "APR",
      type => "julian",
      year => 1657
    }
  ],
  "(",
  [
    "Easter Monday"
  ],
  ")"
]
day 1 => 12
gregorian_month 1 => "APR"
year 1 => 1657
gregorian_date 1 => [
  12,
  "APR",
  1657
]
gregorian_date shift 1 => [
  12,
  "APR",
  1657
]
interpreted_date 1 => [
  "INT",
  [
    {
      day => 12,
      month => "APR",
      type => "gregorian",
      year => 1657
    }
  ],
  "(",
  [
    "Easter Monday"
  ],
  ")"
]
[
  {
    day => 12,
    flag => "interpreted",
    month => "APR",
    phrase => "(Easter Monday)",
    type => "julian",
    year => 1657
  }
]
[
  {
    day => 12,
    flag => "interpreted",
    month => "APR",
    phrase => "(Easter Monday)",
    type => "gregorian",
    year => 1657
  }
]
Date: INT 10 JUL 2003 (foo). 
day 1 => 10
year 1 => 2003
julian_date 1 => [
  10,
  "JUL",
  2003
]
julian shift 1 => [
  10,
  "JUL",
  2003
]
interpreted_date 1 => [
  "INT",
  [
    {
      day => 10,
      month => "JUL",
      type => "julian",
      year => 2003
    }
  ],
  "(",
  [
    "foo"
  ],
  ")"
]
day 1 => 10
gregorian_month 1 => "JUL"
year 1 => 2003
gregorian_date 1 => [
  10,
  "JUL",
  2003
]
gregorian_date shift 1 => [
  10,
  "JUL",
  2003
]
interpreted_date 1 => [
  "INT",
  [
    {
      day => 10,
      month => "JUL",
      type => "gregorian",
      year => 2003
    }
  ],
  "(",
  [
    "foo"
  ],
  ")"
]
[
  {
    day => 10,
    flag => "interpreted",
    month => "JUL",
    phrase => "(foo)",
    type => "julian",
    year => 2003
  }
]
[
  {
    day => 10,
    flag => "interpreted",
    month => "JUL",
    phrase => "(foo)",
    type => "gregorian",
    year => 2003
  }
]
Date: (Once upon a time). 
date_phrase 1 => "("
date_phrase 2 => [
  "Once upon a time"
]
date_phrase 3 => ")"
[
  {
    phrase => "(Once upon a time)"
  }
]
Date: (foo). 
date_phrase 1 => "("
date_phrase 2 => [
  "foo"
]
date_phrase 3 => ")"
[
  {
    phrase => "(foo)"
  }
]
Date: 1 Jan 1000. 
day 1 => 1
year 1 => 1000
julian_date 1 => [
  1,
  "Jan",
  1000
]
julian shift 1 => [
  1,
  "Jan",
  1000
]
day 1 => 1
gregorian_month 1 => "Jan"
year 1 => 1000
gregorian_date 1 => [
  1,
  "Jan",
  1000
]
gregorian_date shift 1 => [
  1,
  "Jan",
  1000
]
[
  {
    day => 1,
    month => "Jan",
    type => "julian",
    year => 1000
  }
]
[
  {
    day => 1,
    month => "Jan",
    type => "gregorian",
    year => 1000
  }
]
Date: 1 Jan 900. 
day 1 => 1
year 1 => 900
julian_date 1 => [
  1,
  "Jan",
  900
]
julian shift 1 => [
  1,
  "Jan",
  900
]
day 1 => 1
gregorian_month 1 => "Jan"
year 1 => 900
gregorian_date 1 => [
  1,
  "Jan",
  900
]
gregorian_date shift 1 => [
  1,
  "Jan",
  900
]
[
  {
    day => 1,
    month => "Jan",
    type => "julian",
    year => 900
  }
]
[
  {
    day => 1,
    month => "Jan",
    type => "gregorian",
    year => 900
  }
]
Date: 1950 B C. 
year 1 => 1950
julian_year_bce 1 => 1950
julian_year_bce 2 => "B C"
julian_date 1 => [
  {
    bce => "B C",
    type => "julian_year",
    year => 1950
  }
]
year 1 => 1950
gregorian_year_bce 1 => 1950
gregorian_year_bce 2 => "B C"
gregorian_date 1 => [
  {
    bce => "B C",
    type => "gregorian_year",
    year => 1950
  }
]
[
  {
    bce => "B C",
    type => "julian_year",
    year => 1950
  }
]
[
  {
    bce => "B C",
    type => "gregorian_year",
    year => 1950
  }
]
Date: 1950 BC. 
year 1 => 1950
julian_year_bce 1 => 1950
julian_year_bce 2 => "BC"
julian_date 1 => [
  {
    bce => "BC",
    type => "julian_year",
    year => 1950
  }
]
year 1 => 1950
gregorian_year_bce 1 => 1950
gregorian_year_bce 2 => "BC"
gregorian_date 1 => [
  {
    bce => "BC",
    type => "gregorian_year",
    year => 1950
  }
]
[
  {
    bce => "BC",
    type => "julian_year",
    year => 1950
  }
]
[
  {
    bce => "BC",
    type => "gregorian_year",
    year => 1950
  }
]
Date: 1950 B.C. 
year 1 => 1950
julian_year_bce 1 => 1950
julian_year_bce 2 => "B.C"
julian_date 1 => [
  {
    bce => "B.C",
    type => "julian_year",
    year => 1950
  }
]
year 1 => 1950
gregorian_year_bce 1 => 1950
gregorian_year_bce 2 => "B.C"
gregorian_date 1 => [
  {
    bce => "B.C",
    type => "gregorian_year",
    year => 1950
  }
]
[
  {
    bce => "B.C",
    type => "julian_year",
    year => 1950
  }
]
[
  {
    bce => "B.C",
    type => "gregorian_year",
    year => 1950
  }
]
Date: 1950 BC.. 
year 1 => 1950
julian_year_bce 1 => 1950
julian_year_bce 2 => "BC."
julian_date 1 => [
  {
    bce => "BC.",
    type => "julian_year",
    year => 1950
  }
]
year 1 => 1950
gregorian_year_bce 1 => 1950
gregorian_year_bce 2 => "BC."
gregorian_date 1 => [
  {
    bce => "BC.",
    type => "gregorian_year",
    year => 1950
  }
]
[
  {
    bce => "BC.",
    type => "julian_year",
    year => 1950
  }
]
[
  {
    bce => "BC.",
    type => "gregorian_year",
    year => 1950
  }
]
Date: 1950 B.C.. 
year 1 => 1950
julian_year_bce 1 => 1950
julian_year_bce 2 => "B.C."
julian_date 1 => [
  {
    bce => "B.C.",
    type => "julian_year",
    year => 1950
  }
]
year 1 => 1950
gregorian_year_bce 1 => 1950
gregorian_year_bce 2 => "B.C."
gregorian_date 1 => [
  {
    bce => "B.C.",
    type => "gregorian_year",
    year => 1950
  }
]
[
  {
    bce => "B.C.",
    type => "julian_year",
    year => 1950
  }
]
[
  {
    bce => "B.C.",
    type => "gregorian_year",
    year => 1950
  }
]
Date: 1950 BCE. 
year 1 => 1950
julian_year_bce 1 => 1950
julian_year_bce 2 => "BCE"
julian_date 1 => [
  {
    bce => "BCE",
    type => "julian_year",
    year => 1950
  }
]
year 1 => 1950
gregorian_year_bce 1 => 1950
gregorian_year_bce 2 => "BCE"
gregorian_date 1 => [
  {
    bce => "BCE",
    type => "gregorian_year",
    year => 1950
  }
]
[
  {
    bce => "BCE",
    type => "julian_year",
    year => 1950
  }
]
[
  {
    bce => "BCE",
    type => "gregorian_year",
    year => 1950
  }
]
Expected failures: 
Date: From Jan 2 2011 to 4 Mar 2011. 
Error in SLIF parse: No lexeme found at line 1, column 12
* String before error: From Jan 2\s
* The error was at line 1, column 12, and at character 0x0032 '2', ...
* here: 2011 to 4 Mar 2011
Marpa::R2 exception at lib/Genealogy/Gedcom/Date.pm line 394.
